<?xml version="1.0" encoding="UTF-8"?>
<Site BuildName="(empty)"
	BuildStamp="20250223-1250-Experimental"
	Name="(empty)"
	Generator="ctest-3.31.4"
	CompilerName=""
	CompilerVersion=""
	OSName="macOS"
	Hostname="yejiahuis-MacBook-Pro.local"
	OSRelease="14.1"
	OSVersion="23B74"
	OSPlatform="arm64"
	Is64Bits="1"
	VendorString="Apple"
	VendorID="Apple"
	FamilyID="0"
	ModelID="0"
	ModelName="Apple M2 Pro"
	ProcessorCacheSize="131072"
	NumberOfLogicalCPU="12"
	NumberOfPhysicalCPU="12"
	TotalVirtualMemory="10240"
	TotalPhysicalMemory="16384"
	LogicalProcessorsPerPhysical="12"
	ProcessorClockFrequency="0"
	>
	<Testing>
		<StartDateTime>Feb 23 21:42 CET</StartDateTime>
		<StartTestTime>1740343373</StartTestTime>
		<TestList/>
		<EndDateTime>Feb 23 21:42 CET</EndDateTime>
		<EndTestTime>1740343373</EndTestTime>
		<ElapsedMinutes>0</ElapsedMinutes>
	</Testing>
</Site>
