<?xml version="1.0" encoding="UTF-8"?>
<Site BuildName="(empty)"
	BuildStamp="20250212-0025-Experimental"
	Name="(empty)"
	Generator="ctest-3.31.4"
	CompilerName=""
	CompilerVersion=""
	OSName="macOS"
	Hostname="yejiahuis-MacBook-Pro.local"
	OSRelease="14.1"
	OSVersion="23B74"
	OSPlatform="arm64"
	Is64Bits="1"
	VendorString="Apple"
	VendorID="Apple"
	FamilyID="0"
	ModelID="0"
	ModelName="Apple M2 Pro"
	ProcessorCacheSize="131072"
	NumberOfLogicalCPU="12"
	NumberOfPhysicalCPU="12"
	TotalVirtualMemory="7168"
	TotalPhysicalMemory="16384"
	LogicalProcessorsPerPhysical="12"
	ProcessorClockFrequency="0"
	>
	<Testing>
		<StartDateTime>Feb 12 23:34 CET</StartDateTime>
		<StartTestTime>1739399655</StartTestTime>
		<TestList/>
		<EndDateTime>Feb 12 23:34 CET</EndDateTime>
		<EndTestTime>1739399655</EndTestTime>
		<ElapsedMinutes>0</ElapsedMinutes>
	</Testing>
</Site>
